2021-03-13 13:14:01,297 INFO org.springframework.boot.StartupInfoLogger [main] Starting SchedulePlannerApplicationKt using Java 1.8.0_251 on Jays-MacBook-Pro.local with PID 97196 (/Users/johnwu/GitHub/SchedulePlanner/backend/target/classes started by johnwu in /Users/johnwu/GitHub/SchedulePlanner/backend)
2021-03-13 13:14:01,302 INFO org.springframework.boot.SpringApplication [main] No active profile set, falling back to default profiles: default
2021-03-13 13:14:02,462 INFO org.springframework.data.repository.config.RepositoryConfigurationDelegate [main] Bootstrapping Spring Data JPA repositories in DEFAULT mode.
2021-03-13 13:14:02,561 INFO org.springframework.data.repository.config.RepositoryConfigurationDelegate [main] Finished Spring Data repository scanning in 85 ms. Found 1 JPA repository interfaces.
2021-03-13 13:14:03,676 INFO org.springframework.boot.web.embedded.tomcat.TomcatWebServer [main] Tomcat initialized with port(s): 8080 (http)
2021-03-13 13:14:03,698 INFO org.apache.juli.logging.DirectJDKLog [main] Initializing ProtocolHandler ["http-nio-8080"]
2021-03-13 13:14:03,699 INFO org.apache.juli.logging.DirectJDKLog [main] Starting service [Tomcat]
2021-03-13 13:14:03,699 INFO org.apache.juli.logging.DirectJDKLog [main] Starting Servlet engine: [Apache Tomcat/9.0.41]
2021-03-13 13:14:03,852 INFO org.apache.juli.logging.DirectJDKLog [main] Initializing Spring embedded WebApplicationContext
2021-03-13 13:14:03,852 INFO org.springframework.boot.web.servlet.context.ServletWebServerApplicationContext [main] Root WebApplicationContext: initialization completed in 2439 ms
2021-03-13 13:14:03,964 INFO com.zaxxer.hikari.HikariDataSource [main] HikariPool-1 - Starting...
2021-03-13 13:14:04,216 INFO com.zaxxer.hikari.HikariDataSource [main] HikariPool-1 - Start completed.
2021-03-13 13:14:04,278 INFO org.springframework.boot.autoconfigure.h2.H2ConsoleAutoConfiguration [main] H2 console available at '/h2'. Database available at 'jdbc:h2:mem:816d9f63-2cfa-408e-8c33-bc101f5f28b9'
2021-03-13 13:14:04,556 INFO org.hibernate.jpa.internal.util.LogHelper [main] HHH000204: Processing PersistenceUnitInfo [name: default]
2021-03-13 13:14:04,666 INFO org.hibernate.Version [main] HHH000412: Hibernate ORM core version 5.4.27.Final
2021-03-13 13:14:04,967 INFO org.hibernate.annotations.common.reflection.java.JavaReflectionManager [main] HCANN000001: Hibernate Commons Annotations {5.1.2.Final}
2021-03-13 13:14:05,226 INFO org.hibernate.dialect.Dialect [main] HHH000400: Using dialect: org.hibernate.dialect.H2Dialect
2021-03-13 13:14:05,517 WARN org.hibernate.id.UUIDHexGenerator [main] HHH000409: Using org.hibernate.id.UUIDHexGenerator which does not generate IETF RFC 4122 compliant UUID values; consider using org.hibernate.id.UUIDGenerator instead
2021-03-13 13:14:05,921 INFO org.hibernate.engine.transaction.jta.platform.internal.JtaPlatformInitiator [main] HHH000490: Using JtaPlatform implementation: [org.hibernate.engine.transaction.jta.platform.internal.NoJtaPlatform]
2021-03-13 13:14:05,935 INFO org.springframework.orm.jpa.AbstractEntityManagerFactoryBean [main] Initialized JPA EntityManagerFactory for persistence unit 'default'
2021-03-13 13:14:06,404 WARN org.springframework.boot.autoconfigure.orm.jpa.JpaBaseConfiguration$JpaWebConfiguration [main] spring.jpa.open-in-view is enabled by default. Therefore, database queries may be performed during view rendering. Explicitly configure spring.jpa.open-in-view to disable this warning
2021-03-13 13:14:07,069 INFO org.apache.juli.logging.DirectJDKLog [main] Starting ProtocolHandler ["http-nio-8080"]
2021-03-13 13:14:07,114 INFO org.springframework.boot.web.embedded.tomcat.TomcatWebServer [main] Tomcat started on port(s): 8080 (http) with context path ''
2021-03-13 13:14:07,124 INFO org.springframework.boot.StartupInfoLogger [main] Started SchedulePlannerApplicationKt in 7.027 seconds (JVM running for 8.886)
2021-03-13 13:14:16,294 INFO org.apache.juli.logging.DirectJDKLog [http-nio-8080-exec-1] Initializing Spring DispatcherServlet 'dispatcherServlet'
2021-03-13 13:14:16,295 INFO org.springframework.web.servlet.FrameworkServlet [http-nio-8080-exec-1] Initializing Servlet 'dispatcherServlet'
2021-03-13 13:14:16,296 INFO org.springframework.web.servlet.FrameworkServlet [http-nio-8080-exec-1] Completed initialization in 1 ms
2021-03-13 15:52:09,628 INFO org.springframework.orm.jpa.AbstractEntityManagerFactoryBean [SpringContextShutdownHook] Closing JPA EntityManagerFactory for persistence unit 'default'
2021-03-13 15:52:09,654 INFO com.zaxxer.hikari.HikariDataSource [SpringContextShutdownHook] HikariPool-1 - Shutdown initiated...
2021-03-13 15:52:09,657 INFO com.zaxxer.hikari.HikariDataSource [SpringContextShutdownHook] HikariPool-1 - Shutdown completed.
2021-03-13 15:55:34,407 INFO org.springframework.boot.StartupInfoLogger [main] Starting SchedulePlannerApplicationKt using Java 1.8.0_251 on Jays-MacBook-Pro.local with PID 198 (/Users/johnwu/GitHub/SchedulePlanner/backend/target/classes started by johnwu in /Users/johnwu/GitHub/SchedulePlanner/backend)
2021-03-13 15:55:34,411 INFO org.springframework.boot.SpringApplication [main] No active profile set, falling back to default profiles: default
2021-03-13 15:55:35,664 INFO org.springframework.data.repository.config.RepositoryConfigurationDelegate [main] Bootstrapping Spring Data JPA repositories in DEFAULT mode.
2021-03-13 15:55:35,753 INFO org.springframework.data.repository.config.RepositoryConfigurationDelegate [main] Finished Spring Data repository scanning in 76 ms. Found 1 JPA repository interfaces.
2021-03-13 15:55:36,678 INFO org.springframework.boot.web.embedded.tomcat.TomcatWebServer [main] Tomcat initialized with port(s): 8080 (http)
2021-03-13 15:55:36,693 INFO org.apache.juli.logging.DirectJDKLog [main] Initializing ProtocolHandler ["http-nio-8080"]
2021-03-13 15:55:36,694 INFO org.apache.juli.logging.DirectJDKLog [main] Starting service [Tomcat]
2021-03-13 15:55:36,694 INFO org.apache.juli.logging.DirectJDKLog [main] Starting Servlet engine: [Apache Tomcat/9.0.41]
2021-03-13 15:55:36,785 INFO org.apache.juli.logging.DirectJDKLog [main] Initializing Spring embedded WebApplicationContext
2021-03-13 15:55:36,786 INFO org.springframework.boot.web.servlet.context.ServletWebServerApplicationContext [main] Root WebApplicationContext: initialization completed in 2296 ms
2021-03-13 15:55:36,858 INFO com.zaxxer.hikari.HikariDataSource [main] HikariPool-1 - Starting...
2021-03-13 15:55:37,069 INFO com.zaxxer.hikari.HikariDataSource [main] HikariPool-1 - Start completed.
2021-03-13 15:55:37,114 INFO org.springframework.boot.autoconfigure.h2.H2ConsoleAutoConfiguration [main] H2 console available at '/h2'. Database available at 'jdbc:h2:mem:cc9b7bf3-e706-4dca-9c1d-2acb5cdce231'
2021-03-13 15:55:37,365 INFO org.hibernate.jpa.internal.util.LogHelper [main] HHH000204: Processing PersistenceUnitInfo [name: default]
2021-03-13 15:55:37,471 INFO org.hibernate.Version [main] HHH000412: Hibernate ORM core version 5.4.27.Final
2021-03-13 15:55:37,715 INFO org.hibernate.annotations.common.reflection.java.JavaReflectionManager [main] HCANN000001: Hibernate Commons Annotations {5.1.2.Final}
2021-03-13 15:55:37,941 INFO org.hibernate.dialect.Dialect [main] HHH000400: Using dialect: org.hibernate.dialect.H2Dialect
2021-03-13 15:55:38,224 WARN org.hibernate.id.UUIDHexGenerator [main] HHH000409: Using org.hibernate.id.UUIDHexGenerator which does not generate IETF RFC 4122 compliant UUID values; consider using org.hibernate.id.UUIDGenerator instead
2021-03-13 15:55:38,592 INFO org.hibernate.engine.transaction.jta.platform.internal.JtaPlatformInitiator [main] HHH000490: Using JtaPlatform implementation: [org.hibernate.engine.transaction.jta.platform.internal.NoJtaPlatform]
2021-03-13 15:55:38,603 INFO org.springframework.orm.jpa.AbstractEntityManagerFactoryBean [main] Initialized JPA EntityManagerFactory for persistence unit 'default'
2021-03-13 15:55:39,078 WARN org.springframework.boot.autoconfigure.orm.jpa.JpaBaseConfiguration$JpaWebConfiguration [main] spring.jpa.open-in-view is enabled by default. Therefore, database queries may be performed during view rendering. Explicitly configure spring.jpa.open-in-view to disable this warning
2021-03-13 15:55:39,609 INFO org.apache.juli.logging.DirectJDKLog [main] Starting ProtocolHandler ["http-nio-8080"]
2021-03-13 15:55:39,647 INFO org.springframework.boot.web.embedded.tomcat.TomcatWebServer [main] Tomcat started on port(s): 8080 (http) with context path ''
2021-03-13 15:55:39,657 INFO org.springframework.boot.StartupInfoLogger [main] Started SchedulePlannerApplicationKt in 5.849 seconds (JVM running for 6.737)
2021-03-13 15:57:16,714 INFO org.apache.juli.logging.DirectJDKLog [http-nio-8080-exec-2] Initializing Spring DispatcherServlet 'dispatcherServlet'
2021-03-13 15:57:16,715 INFO org.springframework.web.servlet.FrameworkServlet [http-nio-8080-exec-2] Initializing Servlet 'dispatcherServlet'
2021-03-13 15:57:16,716 INFO org.springframework.web.servlet.FrameworkServlet [http-nio-8080-exec-2] Completed initialization in 1 ms
2021-03-13 15:57:16,735 WARN org.springframework.web.servlet.DispatcherServlet [http-nio-8080-exec-2] No mapping for GET /get/schedule
2021-03-13 15:57:42,406 ERROR org.apache.juli.logging.DirectJDKLog [http-nio-8080-exec-3] Servlet.service() for servlet [dispatcherServlet] in context with path [] threw exception [Request processing failed; nested exception is java.lang.NumberFormatException: For input string: "id1"] with root cause
java.lang.NumberFormatException: For input string: "id1"
	at java.lang.NumberFormatException.forInputString(NumberFormatException.java:65)
	at java.lang.Long.parseLong(Long.java:589)
	at java.lang.Long.parseLong(Long.java:631)
	at com.redditcooll.schedulePlanner.service.ScheduleService.scheduleTo(ScheduleService.kt:80)
	at com.redditcooll.schedulePlanner.controller.ScheduleRest.getBusinessContent(ScheduleRest.kt:41)
	at sun.reflect.NativeMethodAccessorImpl.invoke0(Native Method)
	at sun.reflect.NativeMethodAccessorImpl.invoke(NativeMethodAccessorImpl.java:62)
	at sun.reflect.DelegatingMethodAccessorImpl.invoke(DelegatingMethodAccessorImpl.java:43)
	at java.lang.reflect.Method.invoke(Method.java:498)
	at org.springframework.web.method.support.InvocableHandlerMethod.doInvoke(InvocableHandlerMethod.java:197)
	at org.springframework.web.method.support.InvocableHandlerMethod.invokeForRequest(InvocableHandlerMethod.java:141)
	at org.springframework.web.servlet.mvc.method.annotation.ServletInvocableHandlerMethod.invokeAndHandle(ServletInvocableHandlerMethod.java:106)
	at org.springframework.web.servlet.mvc.method.annotation.RequestMappingHandlerAdapter.invokeHandlerMethod(RequestMappingHandlerAdapter.java:894)
	at org.springframework.web.servlet.mvc.method.annotation.RequestMappingHandlerAdapter.handleInternal(RequestMappingHandlerAdapter.java:808)
	at org.springframework.web.servlet.mvc.method.AbstractHandlerMethodAdapter.handle(AbstractHandlerMethodAdapter.java:87)
	at org.springframework.web.servlet.DispatcherServlet.doDispatch(DispatcherServlet.java:1060)
	at org.springframework.web.servlet.DispatcherServlet.doService(DispatcherServlet.java:962)
	at org.springframework.web.servlet.FrameworkServlet.processRequest(FrameworkServlet.java:1006)
	at org.springframework.web.servlet.FrameworkServlet.doGet(FrameworkServlet.java:898)
	at javax.servlet.http.HttpServlet.service(HttpServlet.java:626)
	at org.springframework.web.servlet.FrameworkServlet.service(FrameworkServlet.java:883)
	at javax.servlet.http.HttpServlet.service(HttpServlet.java:733)
	at org.apache.catalina.core.ApplicationFilterChain.internalDoFilter(ApplicationFilterChain.java:231)
	at org.apache.catalina.core.ApplicationFilterChain.doFilter(ApplicationFilterChain.java:166)
	at org.apache.tomcat.websocket.server.WsFilter.doFilter(WsFilter.java:53)
	at org.apache.catalina.core.ApplicationFilterChain.internalDoFilter(ApplicationFilterChain.java:193)
	at org.apache.catalina.core.ApplicationFilterChain.doFilter(ApplicationFilterChain.java:166)
	at org.springframework.web.filter.CharacterEncodingFilter.doFilterInternal(CharacterEncodingFilter.java:201)
	at org.springframework.web.filter.OncePerRequestFilter.doFilter(OncePerRequestFilter.java:119)
	at org.apache.catalina.core.ApplicationFilterChain.internalDoFilter(ApplicationFilterChain.java:193)
	at org.apache.catalina.core.ApplicationFilterChain.doFilter(ApplicationFilterChain.java:166)
	at org.apache.catalina.core.StandardWrapperValve.invoke(StandardWrapperValve.java:202)
	at org.apache.catalina.core.StandardContextValve.invoke(StandardContextValve.java:97)
	at org.apache.catalina.authenticator.AuthenticatorBase.invoke(AuthenticatorBase.java:542)
	at org.apache.catalina.core.StandardHostValve.invoke(StandardHostValve.java:143)
	at org.apache.catalina.valves.ErrorReportValve.invoke(ErrorReportValve.java:92)
	at org.apache.catalina.core.StandardEngineValve.invoke(StandardEngineValve.java:78)
	at org.apache.catalina.connector.CoyoteAdapter.service(CoyoteAdapter.java:343)
	at org.apache.coyote.http11.Http11Processor.service(Http11Processor.java:374)
	at org.apache.coyote.AbstractProcessorLight.process(AbstractProcessorLight.java:65)
	at org.apache.coyote.AbstractProtocol$ConnectionHandler.process(AbstractProtocol.java:888)
	at org.apache.tomcat.util.net.NioEndpoint$SocketProcessor.doRun(NioEndpoint.java:1597)
	at org.apache.tomcat.util.net.SocketProcessorBase.run(SocketProcessorBase.java:49)
	at java.util.concurrent.ThreadPoolExecutor.runWorker(ThreadPoolExecutor.java:1149)
	at java.util.concurrent.ThreadPoolExecutor$Worker.run(ThreadPoolExecutor.java:624)
	at org.apache.tomcat.util.threads.TaskThread$WrappingRunnable.run(TaskThread.java:61)
	at java.lang.Thread.run(Thread.java:748)
2021-03-13 15:58:19,727 INFO org.springframework.orm.jpa.AbstractEntityManagerFactoryBean [SpringContextShutdownHook] Closing JPA EntityManagerFactory for persistence unit 'default'
2021-03-13 15:58:19,734 INFO com.zaxxer.hikari.HikariDataSource [SpringContextShutdownHook] HikariPool-1 - Shutdown initiated...
2021-03-13 15:58:19,741 INFO com.zaxxer.hikari.HikariDataSource [SpringContextShutdownHook] HikariPool-1 - Shutdown completed.
2021-03-13 15:58:24,266 INFO org.springframework.boot.StartupInfoLogger [main] Starting SchedulePlannerApplicationKt using Java 1.8.0_251 on Jays-MacBook-Pro.local with PID 282 (/Users/johnwu/GitHub/SchedulePlanner/backend/target/classes started by johnwu in /Users/johnwu/GitHub/SchedulePlanner/backend)
2021-03-13 15:58:24,274 INFO org.springframework.boot.SpringApplication [main] No active profile set, falling back to default profiles: default
2021-03-13 15:58:25,352 INFO org.springframework.data.repository.config.RepositoryConfigurationDelegate [main] Bootstrapping Spring Data JPA repositories in DEFAULT mode.
2021-03-13 15:58:25,419 INFO org.springframework.data.repository.config.RepositoryConfigurationDelegate [main] Finished Spring Data repository scanning in 45 ms. Found 1 JPA repository interfaces.
2021-03-13 15:58:26,094 INFO org.springframework.boot.web.embedded.tomcat.TomcatWebServer [main] Tomcat initialized with port(s): 8080 (http)
2021-03-13 15:58:26,105 INFO org.apache.juli.logging.DirectJDKLog [main] Initializing ProtocolHandler ["http-nio-8080"]
2021-03-13 15:58:26,106 INFO org.apache.juli.logging.DirectJDKLog [main] Starting service [Tomcat]
2021-03-13 15:58:26,106 INFO org.apache.juli.logging.DirectJDKLog [main] Starting Servlet engine: [Apache Tomcat/9.0.41]
2021-03-13 15:58:26,180 INFO org.apache.juli.logging.DirectJDKLog [main] Initializing Spring embedded WebApplicationContext
2021-03-13 15:58:26,180 INFO org.springframework.boot.web.servlet.context.ServletWebServerApplicationContext [main] Root WebApplicationContext: initialization completed in 1733 ms
2021-03-13 15:58:26,239 INFO com.zaxxer.hikari.HikariDataSource [main] HikariPool-1 - Starting...
2021-03-13 15:58:26,395 INFO com.zaxxer.hikari.HikariDataSource [main] HikariPool-1 - Start completed.
2021-03-13 15:58:26,430 INFO org.springframework.boot.autoconfigure.h2.H2ConsoleAutoConfiguration [main] H2 console available at '/h2'. Database available at 'jdbc:h2:mem:58f3c2b0-f3c8-4f8a-aef4-2efa6368ffa9'
2021-03-13 15:58:26,584 INFO org.hibernate.jpa.internal.util.LogHelper [main] HHH000204: Processing PersistenceUnitInfo [name: default]
2021-03-13 15:58:26,642 INFO org.hibernate.Version [main] HHH000412: Hibernate ORM core version 5.4.27.Final
2021-03-13 15:58:26,794 INFO org.hibernate.annotations.common.reflection.java.JavaReflectionManager [main] HCANN000001: Hibernate Commons Annotations {5.1.2.Final}
2021-03-13 15:58:26,963 INFO org.hibernate.dialect.Dialect [main] HHH000400: Using dialect: org.hibernate.dialect.H2Dialect
2021-03-13 15:58:27,186 WARN org.hibernate.id.UUIDHexGenerator [main] HHH000409: Using org.hibernate.id.UUIDHexGenerator which does not generate IETF RFC 4122 compliant UUID values; consider using org.hibernate.id.UUIDGenerator instead
2021-03-13 15:58:27,510 INFO org.hibernate.engine.transaction.jta.platform.internal.JtaPlatformInitiator [main] HHH000490: Using JtaPlatform implementation: [org.hibernate.engine.transaction.jta.platform.internal.NoJtaPlatform]
2021-03-13 15:58:27,521 INFO org.springframework.orm.jpa.AbstractEntityManagerFactoryBean [main] Initialized JPA EntityManagerFactory for persistence unit 'default'
2021-03-13 15:58:27,929 WARN org.springframework.boot.autoconfigure.orm.jpa.JpaBaseConfiguration$JpaWebConfiguration [main] spring.jpa.open-in-view is enabled by default. Therefore, database queries may be performed during view rendering. Explicitly configure spring.jpa.open-in-view to disable this warning
2021-03-13 15:58:28,419 INFO org.apache.juli.logging.DirectJDKLog [main] Starting ProtocolHandler ["http-nio-8080"]
2021-03-13 15:58:28,457 INFO org.springframework.boot.web.embedded.tomcat.TomcatWebServer [main] Tomcat started on port(s): 8080 (http) with context path ''
2021-03-13 15:58:28,466 INFO org.springframework.boot.StartupInfoLogger [main] Started SchedulePlannerApplicationKt in 4.86 seconds (JVM running for 5.938)
2021-03-13 15:58:36,528 INFO org.apache.juli.logging.DirectJDKLog [http-nio-8080-exec-1] Initializing Spring DispatcherServlet 'dispatcherServlet'
2021-03-13 15:58:36,528 INFO org.springframework.web.servlet.FrameworkServlet [http-nio-8080-exec-1] Initializing Servlet 'dispatcherServlet'
2021-03-13 15:58:36,529 INFO org.springframework.web.servlet.FrameworkServlet [http-nio-8080-exec-1] Completed initialization in 1 ms
2021-03-13 15:58:55,165 ERROR org.apache.juli.logging.DirectJDKLog [http-nio-8080-exec-1] Servlet.service() for servlet [dispatcherServlet] in context with path [] threw exception [Request processing failed; nested exception is java.lang.NumberFormatException: For input string: "id1"] with root cause
java.lang.NumberFormatException: For input string: "id1"
	at java.lang.NumberFormatException.forInputString(NumberFormatException.java:65)
	at java.lang.Long.parseLong(Long.java:589)
	at java.lang.Long.parseLong(Long.java:631)
	at com.redditcooll.schedulePlanner.service.ScheduleService.getSchedule(ScheduleService.kt:80)
	at com.redditcooll.schedulePlanner.controller.ScheduleRest.getBusinessContent(ScheduleRest.kt:41)
	at sun.reflect.NativeMethodAccessorImpl.invoke0(Native Method)
	at sun.reflect.NativeMethodAccessorImpl.invoke(NativeMethodAccessorImpl.java:62)
	at sun.reflect.DelegatingMethodAccessorImpl.invoke(DelegatingMethodAccessorImpl.java:43)
	at java.lang.reflect.Method.invoke(Method.java:498)
	at org.springframework.web.method.support.InvocableHandlerMethod.doInvoke(InvocableHandlerMethod.java:197)
	at org.springframework.web.method.support.InvocableHandlerMethod.invokeForRequest(InvocableHandlerMethod.java:141)
	at org.springframework.web.servlet.mvc.method.annotation.ServletInvocableHandlerMethod.invokeAndHandle(ServletInvocableHandlerMethod.java:106)
	at org.springframework.web.servlet.mvc.method.annotation.RequestMappingHandlerAdapter.invokeHandlerMethod(RequestMappingHandlerAdapter.java:894)
	at org.springframework.web.servlet.mvc.method.annotation.RequestMappingHandlerAdapter.handleInternal(RequestMappingHandlerAdapter.java:808)
	at org.springframework.web.servlet.mvc.method.AbstractHandlerMethodAdapter.handle(AbstractHandlerMethodAdapter.java:87)
	at org.springframework.web.servlet.DispatcherServlet.doDispatch(DispatcherServlet.java:1060)
	at org.springframework.web.servlet.DispatcherServlet.doService(DispatcherServlet.java:962)
	at org.springframework.web.servlet.FrameworkServlet.processRequest(FrameworkServlet.java:1006)
	at org.springframework.web.servlet.FrameworkServlet.doGet(FrameworkServlet.java:898)
	at javax.servlet.http.HttpServlet.service(HttpServlet.java:626)
	at org.springframework.web.servlet.FrameworkServlet.service(FrameworkServlet.java:883)
	at javax.servlet.http.HttpServlet.service(HttpServlet.java:733)
	at org.apache.catalina.core.ApplicationFilterChain.internalDoFilter(ApplicationFilterChain.java:231)
	at org.apache.catalina.core.ApplicationFilterChain.doFilter(ApplicationFilterChain.java:166)
	at org.apache.tomcat.websocket.server.WsFilter.doFilter(WsFilter.java:53)
	at org.apache.catalina.core.ApplicationFilterChain.internalDoFilter(ApplicationFilterChain.java:193)
	at org.apache.catalina.core.ApplicationFilterChain.doFilter(ApplicationFilterChain.java:166)
	at org.springframework.web.filter.CharacterEncodingFilter.doFilterInternal(CharacterEncodingFilter.java:201)
	at org.springframework.web.filter.OncePerRequestFilter.doFilter(OncePerRequestFilter.java:119)
	at org.apache.catalina.core.ApplicationFilterChain.internalDoFilter(ApplicationFilterChain.java:193)
	at org.apache.catalina.core.ApplicationFilterChain.doFilter(ApplicationFilterChain.java:166)
	at org.apache.catalina.core.StandardWrapperValve.invoke(StandardWrapperValve.java:202)
	at org.apache.catalina.core.StandardContextValve.invoke(StandardContextValve.java:97)
	at org.apache.catalina.authenticator.AuthenticatorBase.invoke(AuthenticatorBase.java:542)
	at org.apache.catalina.core.StandardHostValve.invoke(StandardHostValve.java:143)
	at org.apache.catalina.valves.ErrorReportValve.invoke(ErrorReportValve.java:92)
	at org.apache.catalina.core.StandardEngineValve.invoke(StandardEngineValve.java:78)
	at org.apache.catalina.connector.CoyoteAdapter.service(CoyoteAdapter.java:343)
	at org.apache.coyote.http11.Http11Processor.service(Http11Processor.java:374)
	at org.apache.coyote.AbstractProcessorLight.process(AbstractProcessorLight.java:65)
	at org.apache.coyote.AbstractProtocol$ConnectionHandler.process(AbstractProtocol.java:888)
	at org.apache.tomcat.util.net.NioEndpoint$SocketProcessor.doRun(NioEndpoint.java:1597)
	at org.apache.tomcat.util.net.SocketProcessorBase.run(SocketProcessorBase.java:49)
	at java.util.concurrent.ThreadPoolExecutor.runWorker(ThreadPoolExecutor.java:1149)
	at java.util.concurrent.ThreadPoolExecutor$Worker.run(ThreadPoolExecutor.java:624)
	at org.apache.tomcat.util.threads.TaskThread$WrappingRunnable.run(TaskThread.java:61)
	at java.lang.Thread.run(Thread.java:748)
2021-03-13 15:59:06,121 INFO com.redditcooll.schedulePlanner.service.ScheduleService [http-nio-8080-exec-4] createSchedules count: 2
2021-03-13 15:59:25,681 ERROR org.apache.juli.logging.DirectJDKLog [http-nio-8080-exec-6] Servlet.service() for servlet [dispatcherServlet] in context with path [] threw exception [Request processing failed; nested exception is java.lang.NumberFormatException: For input string: "id1"] with root cause
java.lang.NumberFormatException: For input string: "id1"
	at java.lang.NumberFormatException.forInputString(NumberFormatException.java:65)
	at java.lang.Long.parseLong(Long.java:589)
	at java.lang.Long.parseLong(Long.java:631)
	at com.redditcooll.schedulePlanner.service.ScheduleService.getSchedule(ScheduleService.kt:80)
	at com.redditcooll.schedulePlanner.controller.ScheduleRest.getBusinessContent(ScheduleRest.kt:41)
	at sun.reflect.NativeMethodAccessorImpl.invoke0(Native Method)
	at sun.reflect.NativeMethodAccessorImpl.invoke(NativeMethodAccessorImpl.java:62)
	at sun.reflect.DelegatingMethodAccessorImpl.invoke(DelegatingMethodAccessorImpl.java:43)
	at java.lang.reflect.Method.invoke(Method.java:498)
	at org.springframework.web.method.support.InvocableHandlerMethod.doInvoke(InvocableHandlerMethod.java:197)
	at org.springframework.web.method.support.InvocableHandlerMethod.invokeForRequest(InvocableHandlerMethod.java:141)
	at org.springframework.web.servlet.mvc.method.annotation.ServletInvocableHandlerMethod.invokeAndHandle(ServletInvocableHandlerMethod.java:106)
	at org.springframework.web.servlet.mvc.method.annotation.RequestMappingHandlerAdapter.invokeHandlerMethod(RequestMappingHandlerAdapter.java:894)
	at org.springframework.web.servlet.mvc.method.annotation.RequestMappingHandlerAdapter.handleInternal(RequestMappingHandlerAdapter.java:808)
	at org.springframework.web.servlet.mvc.method.AbstractHandlerMethodAdapter.handle(AbstractHandlerMethodAdapter.java:87)
	at org.springframework.web.servlet.DispatcherServlet.doDispatch(DispatcherServlet.java:1060)
	at org.springframework.web.servlet.DispatcherServlet.doService(DispatcherServlet.java:962)
	at org.springframework.web.servlet.FrameworkServlet.processRequest(FrameworkServlet.java:1006)
	at org.springframework.web.servlet.FrameworkServlet.doGet(FrameworkServlet.java:898)
	at javax.servlet.http.HttpServlet.service(HttpServlet.java:626)
	at org.springframework.web.servlet.FrameworkServlet.service(FrameworkServlet.java:883)
	at javax.servlet.http.HttpServlet.service(HttpServlet.java:733)
	at org.apache.catalina.core.ApplicationFilterChain.internalDoFilter(ApplicationFilterChain.java:231)
	at org.apache.catalina.core.ApplicationFilterChain.doFilter(ApplicationFilterChain.java:166)
	at org.apache.tomcat.websocket.server.WsFilter.doFilter(WsFilter.java:53)
	at org.apache.catalina.core.ApplicationFilterChain.internalDoFilter(ApplicationFilterChain.java:193)
	at org.apache.catalina.core.ApplicationFilterChain.doFilter(ApplicationFilterChain.java:166)
	at org.springframework.web.filter.CharacterEncodingFilter.doFilterInternal(CharacterEncodingFilter.java:201)
	at org.springframework.web.filter.OncePerRequestFilter.doFilter(OncePerRequestFilter.java:119)
	at org.apache.catalina.core.ApplicationFilterChain.internalDoFilter(ApplicationFilterChain.java:193)
	at org.apache.catalina.core.ApplicationFilterChain.doFilter(ApplicationFilterChain.java:166)
	at org.apache.catalina.core.StandardWrapperValve.invoke(StandardWrapperValve.java:202)
	at org.apache.catalina.core.StandardContextValve.invoke(StandardContextValve.java:97)
	at org.apache.catalina.authenticator.AuthenticatorBase.invoke(AuthenticatorBase.java:542)
	at org.apache.catalina.core.StandardHostValve.invoke(StandardHostValve.java:143)
	at org.apache.catalina.valves.ErrorReportValve.invoke(ErrorReportValve.java:92)
	at org.apache.catalina.core.StandardEngineValve.invoke(StandardEngineValve.java:78)
	at org.apache.catalina.connector.CoyoteAdapter.service(CoyoteAdapter.java:343)
	at org.apache.coyote.http11.Http11Processor.service(Http11Processor.java:374)
	at org.apache.coyote.AbstractProcessorLight.process(AbstractProcessorLight.java:65)
	at org.apache.coyote.AbstractProtocol$ConnectionHandler.process(AbstractProtocol.java:888)
	at org.apache.tomcat.util.net.NioEndpoint$SocketProcessor.doRun(NioEndpoint.java:1597)
	at org.apache.tomcat.util.net.SocketProcessorBase.run(SocketProcessorBase.java:49)
	at java.util.concurrent.ThreadPoolExecutor.runWorker(ThreadPoolExecutor.java:1149)
	at java.util.concurrent.ThreadPoolExecutor$Worker.run(ThreadPoolExecutor.java:624)
	at org.apache.tomcat.util.threads.TaskThread$WrappingRunnable.run(TaskThread.java:61)
	at java.lang.Thread.run(Thread.java:748)
2021-03-13 16:06:58,603 WARN com.zaxxer.hikari.pool.HikariPool$HouseKeeper [HikariPool-1 housekeeper] HikariPool-1 - Thread starvation or clock leap detected (housekeeper delta=6m2s84ms).
2021-03-13 16:21:58,800 WARN com.zaxxer.hikari.pool.HikariPool$HouseKeeper [HikariPool-1 housekeeper] HikariPool-1 - Thread starvation or clock leap detected (housekeeper delta=15m199ms).
2021-03-13 16:38:51,750 WARN com.zaxxer.hikari.pool.HikariPool$HouseKeeper [HikariPool-1 housekeeper] HikariPool-1 - Thread starvation or clock leap detected (housekeeper delta=16m52s950ms).
2021-03-13 16:39:20,761 WARN com.zaxxer.hikari.pool.HikariPool$HouseKeeper [HikariPool-1 housekeeper] HikariPool-1 - Retrograde clock change detected (housekeeper delta=29s11ms), soft-evicting connections from pool.
2021-03-13 17:38:20,609 INFO org.springframework.orm.jpa.AbstractEntityManagerFactoryBean [SpringContextShutdownHook] Closing JPA EntityManagerFactory for persistence unit 'default'
2021-03-13 17:38:20,625 INFO com.zaxxer.hikari.HikariDataSource [SpringContextShutdownHook] HikariPool-1 - Shutdown initiated...
2021-03-13 17:38:20,630 INFO com.zaxxer.hikari.HikariDataSource [SpringContextShutdownHook] HikariPool-1 - Shutdown completed.
2021-03-13 17:38:25,811 INFO org.springframework.boot.StartupInfoLogger [main] Starting SchedulePlannerApplicationKt using Java 1.8.0_251 on Jays-MBP with PID 1060 (/Users/johnwu/GitHub/SchedulePlanner/backend/target/classes started by johnwu in /Users/johnwu/GitHub/SchedulePlanner/backend)
2021-03-13 17:38:25,815 INFO org.springframework.boot.SpringApplication [main] No active profile set, falling back to default profiles: default
2021-03-13 17:38:27,224 INFO org.springframework.data.repository.config.RepositoryConfigurationDelegate [main] Bootstrapping Spring Data JPA repositories in DEFAULT mode.
2021-03-13 17:38:27,286 INFO org.springframework.data.repository.config.RepositoryConfigurationDelegate [main] Finished Spring Data repository scanning in 51 ms. Found 1 JPA repository interfaces.
2021-03-13 17:38:27,980 INFO org.springframework.boot.web.embedded.tomcat.TomcatWebServer [main] Tomcat initialized with port(s): 8080 (http)
2021-03-13 17:38:27,992 INFO org.apache.juli.logging.DirectJDKLog [main] Initializing ProtocolHandler ["http-nio-8080"]
2021-03-13 17:38:27,992 INFO org.apache.juli.logging.DirectJDKLog [main] Starting service [Tomcat]
2021-03-13 17:38:27,993 INFO org.apache.juli.logging.DirectJDKLog [main] Starting Servlet engine: [Apache Tomcat/9.0.41]
2021-03-13 17:38:28,075 INFO org.apache.juli.logging.DirectJDKLog [main] Initializing Spring embedded WebApplicationContext
2021-03-13 17:38:28,076 INFO org.springframework.boot.web.servlet.context.ServletWebServerApplicationContext [main] Root WebApplicationContext: initialization completed in 2188 ms
2021-03-13 17:38:28,141 INFO com.zaxxer.hikari.HikariDataSource [main] HikariPool-1 - Starting...
2021-03-13 17:38:28,288 INFO com.zaxxer.hikari.HikariDataSource [main] HikariPool-1 - Start completed.
2021-03-13 17:38:28,323 INFO org.springframework.boot.autoconfigure.h2.H2ConsoleAutoConfiguration [main] H2 console available at '/h2'. Database available at 'jdbc:h2:mem:3211dc3b-6980-428c-a04a-9cc49493542d'
2021-03-13 17:38:28,501 INFO org.hibernate.jpa.internal.util.LogHelper [main] HHH000204: Processing PersistenceUnitInfo [name: default]
2021-03-13 17:38:28,565 INFO org.hibernate.Version [main] HHH000412: Hibernate ORM core version 5.4.27.Final
2021-03-13 17:38:28,774 INFO org.hibernate.annotations.common.reflection.java.JavaReflectionManager [main] HCANN000001: Hibernate Commons Annotations {5.1.2.Final}
2021-03-13 17:38:28,945 INFO org.hibernate.dialect.Dialect [main] HHH000400: Using dialect: org.hibernate.dialect.H2Dialect
2021-03-13 17:38:29,138 WARN org.hibernate.id.UUIDHexGenerator [main] HHH000409: Using org.hibernate.id.UUIDHexGenerator which does not generate IETF RFC 4122 compliant UUID values; consider using org.hibernate.id.UUIDGenerator instead
2021-03-13 17:38:29,456 INFO org.hibernate.engine.transaction.jta.platform.internal.JtaPlatformInitiator [main] HHH000490: Using JtaPlatform implementation: [org.hibernate.engine.transaction.jta.platform.internal.NoJtaPlatform]
2021-03-13 17:38:29,466 INFO org.springframework.orm.jpa.AbstractEntityManagerFactoryBean [main] Initialized JPA EntityManagerFactory for persistence unit 'default'
2021-03-13 17:38:30,341 WARN org.springframework.boot.autoconfigure.orm.jpa.JpaBaseConfiguration$JpaWebConfiguration [main] spring.jpa.open-in-view is enabled by default. Therefore, database queries may be performed during view rendering. Explicitly configure spring.jpa.open-in-view to disable this warning
2021-03-13 17:38:30,715 INFO org.apache.juli.logging.DirectJDKLog [main] Starting ProtocolHandler ["http-nio-8080"]
2021-03-13 17:38:30,761 INFO org.springframework.boot.web.embedded.tomcat.TomcatWebServer [main] Tomcat started on port(s): 8080 (http) with context path ''
2021-03-13 17:38:30,771 INFO org.springframework.boot.StartupInfoLogger [main] Started SchedulePlannerApplicationKt in 5.495 seconds (JVM running for 6.458)
2021-03-13 17:38:39,025 INFO org.apache.juli.logging.DirectJDKLog [http-nio-8080-exec-1] Initializing Spring DispatcherServlet 'dispatcherServlet'
2021-03-13 17:38:39,025 INFO org.springframework.web.servlet.FrameworkServlet [http-nio-8080-exec-1] Initializing Servlet 'dispatcherServlet'
2021-03-13 17:38:39,026 INFO org.springframework.web.servlet.FrameworkServlet [http-nio-8080-exec-1] Completed initialization in 0 ms
2021-03-13 17:38:53,096 INFO com.redditcooll.schedulePlanner.service.ScheduleService [http-nio-8080-exec-4] createSchedules count: 2
2021-03-13 17:42:00,462 INFO org.springframework.orm.jpa.AbstractEntityManagerFactoryBean [SpringContextShutdownHook] Closing JPA EntityManagerFactory for persistence unit 'default'
2021-03-13 17:42:00,465 INFO com.zaxxer.hikari.HikariDataSource [SpringContextShutdownHook] HikariPool-1 - Shutdown initiated...
2021-03-13 17:42:00,467 INFO com.zaxxer.hikari.HikariDataSource [SpringContextShutdownHook] HikariPool-1 - Shutdown completed.
2021-03-13 17:42:46,052 INFO org.springframework.boot.StartupInfoLogger [main] Starting SchedulePlannerApplicationKt using Java 1.8.0_251 on Jays-MacBook-Pro.local with PID 1102 (/Users/johnwu/GitHub/SchedulePlanner/backend/target/classes started by johnwu in /Users/johnwu/GitHub/SchedulePlanner/backend)
2021-03-13 17:42:46,057 INFO org.springframework.boot.SpringApplication [main] No active profile set, falling back to default profiles: default
2021-03-13 17:42:47,283 INFO org.springframework.data.repository.config.RepositoryConfigurationDelegate [main] Bootstrapping Spring Data JPA repositories in DEFAULT mode.
2021-03-13 17:42:47,448 INFO org.springframework.data.repository.config.RepositoryConfigurationDelegate [main] Finished Spring Data repository scanning in 141 ms. Found 1 JPA repository interfaces.
2021-03-13 17:42:48,340 INFO org.springframework.boot.web.embedded.tomcat.TomcatWebServer [main] Tomcat initialized with port(s): 8080 (http)
2021-03-13 17:42:48,352 INFO org.apache.juli.logging.DirectJDKLog [main] Initializing ProtocolHandler ["http-nio-8080"]
2021-03-13 17:42:48,353 INFO org.apache.juli.logging.DirectJDKLog [main] Starting service [Tomcat]
2021-03-13 17:42:48,353 INFO org.apache.juli.logging.DirectJDKLog [main] Starting Servlet engine: [Apache Tomcat/9.0.41]
2021-03-13 17:42:48,449 INFO org.apache.juli.logging.DirectJDKLog [main] Initializing Spring embedded WebApplicationContext
2021-03-13 17:42:48,449 INFO org.springframework.boot.web.servlet.context.ServletWebServerApplicationContext [main] Root WebApplicationContext: initialization completed in 2309 ms
2021-03-13 17:42:48,518 INFO com.zaxxer.hikari.HikariDataSource [main] HikariPool-1 - Starting...
2021-03-13 17:42:48,707 INFO com.zaxxer.hikari.HikariDataSource [main] HikariPool-1 - Start completed.
2021-03-13 17:42:48,751 INFO org.springframework.boot.autoconfigure.h2.H2ConsoleAutoConfiguration [main] H2 console available at '/h2'. Database available at 'jdbc:h2:mem:a31fbf3f-c2ae-44d4-b810-d229091e4bee'
2021-03-13 17:42:48,956 INFO org.hibernate.jpa.internal.util.LogHelper [main] HHH000204: Processing PersistenceUnitInfo [name: default]
2021-03-13 17:42:49,030 INFO org.hibernate.Version [main] HHH000412: Hibernate ORM core version 5.4.27.Final
2021-03-13 17:42:49,239 INFO org.hibernate.annotations.common.reflection.java.JavaReflectionManager [main] HCANN000001: Hibernate Commons Annotations {5.1.2.Final}
2021-03-13 17:42:49,408 INFO org.hibernate.dialect.Dialect [main] HHH000400: Using dialect: org.hibernate.dialect.H2Dialect
2021-03-13 17:42:49,618 WARN org.hibernate.id.UUIDHexGenerator [main] HHH000409: Using org.hibernate.id.UUIDHexGenerator which does not generate IETF RFC 4122 compliant UUID values; consider using org.hibernate.id.UUIDGenerator instead
2021-03-13 17:42:49,864 INFO org.hibernate.engine.transaction.jta.platform.internal.JtaPlatformInitiator [main] HHH000490: Using JtaPlatform implementation: [org.hibernate.engine.transaction.jta.platform.internal.NoJtaPlatform]
2021-03-13 17:42:49,873 INFO org.springframework.orm.jpa.AbstractEntityManagerFactoryBean [main] Initialized JPA EntityManagerFactory for persistence unit 'default'
2021-03-13 17:42:50,615 WARN org.springframework.boot.autoconfigure.orm.jpa.JpaBaseConfiguration$JpaWebConfiguration [main] spring.jpa.open-in-view is enabled by default. Therefore, database queries may be performed during view rendering. Explicitly configure spring.jpa.open-in-view to disable this warning
2021-03-13 17:42:50,928 INFO org.apache.juli.logging.DirectJDKLog [main] Starting ProtocolHandler ["http-nio-8080"]
2021-03-13 17:42:50,963 INFO org.springframework.boot.web.embedded.tomcat.TomcatWebServer [main] Tomcat started on port(s): 8080 (http) with context path ''
2021-03-13 17:42:50,971 INFO org.springframework.boot.StartupInfoLogger [main] Started SchedulePlannerApplicationKt in 5.454 seconds (JVM running for 6.143)
2021-03-13 17:43:38,193 INFO org.apache.juli.logging.DirectJDKLog [http-nio-8080-exec-1] Initializing Spring DispatcherServlet 'dispatcherServlet'
2021-03-13 17:43:38,194 INFO org.springframework.web.servlet.FrameworkServlet [http-nio-8080-exec-1] Initializing Servlet 'dispatcherServlet'
2021-03-13 17:43:38,195 INFO org.springframework.web.servlet.FrameworkServlet [http-nio-8080-exec-1] Completed initialization in 1 ms
2021-03-13 17:44:13,694 INFO com.redditcooll.schedulePlanner.service.ScheduleService [http-nio-8080-exec-6] createSchedules count: 2
2021-03-13 22:44:44,169 WARN com.zaxxer.hikari.pool.HikariPool$HouseKeeper [HikariPool-1 housekeeper] HikariPool-1 - Thread starvation or clock leap detected (housekeeper delta=30m22s165ms).
2021-03-13 23:11:18,895 WARN com.zaxxer.hikari.pool.HikariPool$HouseKeeper [HikariPool-1 housekeeper] HikariPool-1 - Thread starvation or clock leap detected (housekeeper delta=26m4s591ms).
